{"/Users/nate/SecurityWorkspace/rewire-coverage/src/myModule.js": {"path":"/Users/nate/SecurityWorkspace/rewire-coverage/src/myModule.js","statementMap":{"0":{"start":{"line":1,"column":25},"end":{"line":1,"column":0}},"1":{"start":{"line":2,"column":2},"end":{"line":null,"column":-1}},"2":{"start":{"line":3,"column":19},"end":{"line":3,"column":2}},"3":{"start":{"line":4,"column":2},"end":{"line":null,"column":-1}},"4":{"start":{"line":6,"column":2},"end":{"line":null,"column":-1}}},"fnMap":{"0":{"name":"(anonymous_0)","decl":{"start":{"line":1,"column":25},"end":{"line":1,"column":23}},"loc":{"start":{"line":1,"column":46},"end":{"line":1,"column":0}}}},"branchMap":{},"s":{"0":0,"1":0,"2":0,"3":0,"4":0},"f":{"0":0},"b":{}}
}
